# JRE version: OpenJDK Runtime Environment (8.0_265-b01) (build 1.8.0_265-8u265-b01-0ubuntu2~16.04-b01)
# Java VM: OpenJDK 64-Bit Server VM (25.265-b01 mixed mode linux-amd64 compressed oops)
Heap:
 PSYoungGen      total 36864K, used 14547K [0x00000000d7100000, 0x00000000d9a00000, 0x0000000100000000)
  eden space 31744K, 36% used [0x00000000d7100000,0x00000000d7c48910,0x00000000d9000000)
  from space 5120K, 58% used [0x00000000d9000000,0x00000000d92ec310,0x00000000d9500000)
  to   space 5120K, 0% used [0x00000000d9500000,0x00000000d9500000,0x00000000d9a00000)
 ParOldGen       total 39424K, used 5427K [0x0000000085200000, 0x0000000087880000, 0x00000000d7100000)
  object space 39424K, 13% used [0x0000000085200000,0x000000008574ce48,0x0000000087880000)
 Metaspace       used 22399K, capacity 22690K, committed 22912K, reserved 1069056K
  class space    used 2491K, capacity 2597K, committed 2688K, reserved 1048576K
GC Heap History (8 events):
Event: 11.573 GC heap before
{Heap before GC invocations=1 (full 0):
 PSYoungGen      total 36864K, used 31744K [0x00000000d7100000, 0x00000000d9a00000, 0x0000000100000000)
  eden space 31744K, 100% used [0x00000000d7100000,0x00000000d9000000,0x00000000d9000000)
  from space 5120K, 0% used [0x00000000d9500000,0x00000000d9500000,0x00000000d9a00000)
  to   space 5120K, 0% used [0x00000000d9000000,0x00000000d9000000,0x00000000d9500000)
 ParOldGen       total 84992K, used 0K [0x0000000085200000, 0x000000008a500000, 0x00000000d7100000)
  object space 84992K, 0% used [0x0000000085200000,0x0000000085200000,0x000000008a500000)
 Metaspace       used 19455K, capacity 19704K, committed 20096K, reserved 1067008K
  class space    used 2252K, capacity 2334K, committed 2432K, reserved 1048576K
Event: 11.581 GC heap after
Heap after GC invocations=1 (full 0):
 PSYoungGen      total 36864K, used 5088K [0x00000000d7100000, 0x00000000d9a00000, 0x0000000100000000)
  eden space 31744K, 0% used [0x00000000d7100000,0x00000000d7100000,0x00000000d9000000)
  from space 5120K, 99% used [0x00000000d9000000,0x00000000d94f8360,0x00000000d9500000)
  to   space 5120K, 0% used [0x00000000d9500000,0x00000000d9500000,0x00000000d9a00000)
 ParOldGen       total 84992K, used 1634K [0x0000000085200000, 0x000000008a500000, 0x00000000d7100000)
  object space 84992K, 1% used [0x0000000085200000,0x0000000085398ac0,0x000000008a500000)
 Metaspace       used 19455K, capacity 19704K, committed 20096K, reserved 1067008K
  class space    used 2252K, capacity 2334K, committed 2432K, reserved 1048576K
}
Event: 91.193 GC heap before
{Heap before GC invocations=2 (full 0):
 PSYoungGen      total 36864K, used 20308K [0x00000000d7100000, 0x00000000d9a00000, 0x0000000100000000)
  eden space 31744K, 47% used [0x00000000d7100000,0x00000000d7fdcdf0,0x00000000d9000000)
  from space 5120K, 99% used [0x00000000d9000000,0x00000000d94f8360,0x00000000d9500000)
  to   space 5120K, 0% used [0x00000000d9500000,0x00000000d9500000,0x00000000d9a00000)
 ParOldGen       total 84992K, used 1634K [0x0000000085200000, 0x000000008a500000, 0x00000000d7100000)
  object space 84992K, 1% used [0x0000000085200000,0x0000000085398ac0,0x000000008a500000)
 Metaspace       used 20861K, capacity 21060K, committed 21248K, reserved 1069056K
  class space    used 2378K, capacity 2464K, committed 2560K, reserved 1048576K
Event: 91.215 GC heap after
Heap after GC invocations=2 (full 0):
 PSYoungGen      total 36864K, used 5104K [0x00000000d7100000, 0x00000000d9a00000, 0x0000000100000000)
  eden space 31744K, 0% used [0x00000000d7100000,0x00000000d7100000,0x00000000d9000000)
  from space 5120K, 99% used [0x00000000d9500000,0x00000000d99fc350,0x00000000d9a00000)
  to   space 5120K, 0% used [0x00000000d9000000,0x00000000d9000000,0x00000000d9500000)
 ParOldGen       total 84992K, used 2074K [0x0000000085200000, 0x000000008a500000, 0x00000000d7100000)
  object space 84992K, 2% used [0x0000000085200000,0x00000000854068b0,0x000000008a500000)
 Metaspace       used 20861K, capacity 21060K, committed 21248K, reserved 1069056K
  class space    used 2378K, capacity 2464K, committed 2560K, reserved 1048576K
}
Event: 91.216 GC heap before
{Heap before GC invocations=3 (full 1):
 PSYoungGen      total 36864K, used 5104K [0x00000000d7100000, 0x00000000d9a00000, 0x0000000100000000)
  eden space 31744K, 0% used [0x00000000d7100000,0x00000000d7100000,0x00000000d9000000)
  from space 5120K, 99% used [0x00000000d9500000,0x00000000d99fc350,0x00000000d9a00000)
  to   space 5120K, 0% used [0x00000000d9000000,0x00000000d9000000,0x00000000d9500000)
 ParOldGen       total 84992K, used 2074K [0x0000000085200000, 0x000000008a500000, 0x00000000d7100000)
  object space 84992K, 2% used [0x0000000085200000,0x00000000854068b0,0x000000008a500000)
 Metaspace       used 20861K, capacity 21060K, committed 21248K, reserved 1069056K
  class space    used 2378K, capacity 2464K, committed 2560K, reserved 1048576K
Event: 91.280 GC heap after
Heap after GC invocations=3 (full 1):
 PSYoungGen      total 36864K, used 0K [0x00000000d7100000, 0x00000000d9a00000, 0x0000000100000000)
  eden space 31744K, 0% used [0x00000000d7100000,0x00000000d7100000,0x00000000d9000000)
  from space 5120K, 0% used [0x00000000d9500000,0x00000000d9500000,0x00000000d9a00000)
  to   space 5120K, 0% used [0x00000000d9000000,0x00000000d9000000,0x00000000d9500000)
 ParOldGen       total 39424K, used 5427K [0x0000000085200000, 0x0000000087880000, 0x00000000d7100000)
  object space 39424K, 13% used [0x0000000085200000,0x000000008574ce48,0x0000000087880000)
 Metaspace       used 20861K, capacity 21060K, committed 21248K, reserved 1069056K
  class space    used 2378K, capacity 2464K, committed 2560K, reserved 1048576K
}
Event: 367.220 GC heap before
{Heap before GC invocations=4 (full 1):
 PSYoungGen      total 36864K, used 31744K [0x00000000d7100000, 0x00000000d9a00000, 0x0000000100000000)
  eden space 31744K, 100% used [0x00000000d7100000,0x00000000d9000000,0x00000000d9000000)
  from space 5120K, 0% used [0x00000000d9500000,0x00000000d9500000,0x00000000d9a00000)
  to   space 5120K, 0% used [0x00000000d9000000,0x00000000d9000000,0x00000000d9500000)
 ParOldGen       total 39424K, used 5427K [0x0000000085200000, 0x0000000087880000, 0x00000000d7100000)
  object space 39424K, 13% used [0x0000000085200000,0x000000008574ce48,0x0000000087880000)
 Metaspace       used 21953K, capacity 22210K, committed 22656K, reserved 1069056K
  class space    used 2476K, capacity 2565K, committed 2688K, reserved 1048576K
Event: 367.227 GC heap after
Heap after GC invocations=4 (full 1):
 PSYoungGen      total 36864K, used 2992K [0x00000000d7100000, 0x00000000d9a00000, 0x0000000100000000)
  eden space 31744K, 0% used [0x00000000d7100000,0x00000000d7100000,0x00000000d9000000)
  from space 5120K, 58% used [0x00000000d9000000,0x00000000d92ec310,0x00000000d9500000)
  to   space 5120K, 0% used [0x00000000d9500000,0x00000000d9500000,0x00000000d9a00000)
 ParOldGen       total 39424K, used 5427K [0x0000000085200000, 0x0000000087880000, 0x00000000d7100000)
  object space 39424K, 13% used [0x0000000085200000,0x000000008574ce48,0x0000000087880000)
 Metaspace       used 21953K, capacity 22210K, committed 22656K, reserved 1069056K
  class space    used 2476K, capacity 2565K, committed 2688K, reserved 1048576K
}

