# JRE version: OpenJDK Runtime Environment (8.0_162-b12) (build 1.8.0_162-8u162-b12-0ubuntu0.16.04.2-b12)
# Java VM: OpenJDK 64-Bit Server VM (25.162-b12 mixed mode linux-amd64 compressed oops)
Heap:
 PSYoungGen      total 36864K, used 19427K [0x00000000d7100000, 0x00000000da880000, 0x0000000100000000)
  eden space 31744K, 51% used [0x00000000d7100000,0x00000000d80fcbe8,0x00000000d9000000)
  from space 5120K, 59% used [0x00000000d9000000,0x00000000d92fc360,0x00000000d9500000)
  to   space 5120K, 0% used [0x00000000da380000,0x00000000da380000,0x00000000da880000)
 ParOldGen       total 55808K, used 7117K [0x0000000085200000, 0x0000000088880000, 0x00000000d7100000)
  object space 55808K, 12% used [0x0000000085200000,0x00000000858f3520,0x0000000088880000)
 Metaspace       used 24527K, capacity 24812K, committed 25088K, reserved 1071104K
  class space    used 2638K, capacity 2724K, committed 2816K, reserved 1048576K
GC Heap History (8 events):
Event: 2.496 GC heap before
{Heap before GC invocations=1 (full 0):
 PSYoungGen      total 36864K, used 31744K [0x00000000d7100000, 0x00000000d9a00000, 0x0000000100000000)
  eden space 31744K, 100% used [0x00000000d7100000,0x00000000d9000000,0x00000000d9000000)
  from space 5120K, 0% used [0x00000000d9500000,0x00000000d9500000,0x00000000d9a00000)
  to   space 5120K, 0% used [0x00000000d9000000,0x00000000d9000000,0x00000000d9500000)
 ParOldGen       total 84992K, used 0K [0x0000000085200000, 0x000000008a500000, 0x00000000d7100000)
  object space 84992K, 0% used [0x0000000085200000,0x0000000085200000,0x000000008a500000)
 Metaspace       used 18889K, capacity 19106K, committed 19456K, reserved 1067008K
  class space    used 2148K, capacity 2237K, committed 2304K, reserved 1048576K
Event: 2.501 GC heap after
Heap after GC invocations=1 (full 0):
 PSYoungGen      total 36864K, used 5113K [0x00000000d7100000, 0x00000000d9a00000, 0x0000000100000000)
  eden space 31744K, 0% used [0x00000000d7100000,0x00000000d7100000,0x00000000d9000000)
  from space 5120K, 99% used [0x00000000d9000000,0x00000000d94fe5a0,0x00000000d9500000)
  to   space 5120K, 0% used [0x00000000d9500000,0x00000000d9500000,0x00000000d9a00000)
 ParOldGen       total 84992K, used 2298K [0x0000000085200000, 0x000000008a500000, 0x00000000d7100000)
  object space 84992K, 2% used [0x0000000085200000,0x000000008543eb80,0x000000008a500000)
 Metaspace       used 18889K, capacity 19106K, committed 19456K, reserved 1067008K
  class space    used 2148K, capacity 2237K, committed 2304K, reserved 1048576K
}
Event: 2.777 GC heap before
{Heap before GC invocations=2 (full 0):
 PSYoungGen      total 36864K, used 21731K [0x00000000d7100000, 0x00000000d9a00000, 0x0000000100000000)
  eden space 31744K, 52% used [0x00000000d7100000,0x00000000d813a8c0,0x00000000d9000000)
  from space 5120K, 99% used [0x00000000d9000000,0x00000000d94fe5a0,0x00000000d9500000)
  to   space 5120K, 0% used [0x00000000d9500000,0x00000000d9500000,0x00000000d9a00000)
 ParOldGen       total 84992K, used 2298K [0x0000000085200000, 0x000000008a500000, 0x00000000d7100000)
  object space 84992K, 2% used [0x0000000085200000,0x000000008543eb80,0x000000008a500000)
 Metaspace       used 20847K, capacity 21096K, committed 21296K, reserved 1069056K
  class space    used 2339K, capacity 2430K, committed 2432K, reserved 1048576K
Event: 2.782 GC heap after
Heap after GC invocations=2 (full 0):
 PSYoungGen      total 36864K, used 5094K [0x00000000d7100000, 0x00000000db900000, 0x0000000100000000)
  eden space 31744K, 0% used [0x00000000d7100000,0x00000000d7100000,0x00000000d9000000)
  from space 5120K, 99% used [0x00000000d9500000,0x00000000d99f98d0,0x00000000d9a00000)
  to   space 5120K, 0% used [0x00000000d9000000,0x00000000d9000000,0x00000000d9500000)
 ParOldGen       total 84992K, used 4285K [0x0000000085200000, 0x000000008a500000, 0x00000000d7100000)
  object space 84992K, 5% used [0x0000000085200000,0x000000008562f6d8,0x000000008a500000)
 Metaspace       used 20847K, capacity 21096K, committed 21296K, reserved 1069056K
  class space    used 2339K, capacity 2430K, committed 2432K, reserved 1048576K
}
Event: 2.782 GC heap before
{Heap before GC invocations=3 (full 1):
 PSYoungGen      total 36864K, used 5094K [0x00000000d7100000, 0x00000000db900000, 0x0000000100000000)
  eden space 31744K, 0% used [0x00000000d7100000,0x00000000d7100000,0x00000000d9000000)
  from space 5120K, 99% used [0x00000000d9500000,0x00000000d99f98d0,0x00000000d9a00000)
  to   space 5120K, 0% used [0x00000000d9000000,0x00000000d9000000,0x00000000d9500000)
 ParOldGen       total 84992K, used 4285K [0x0000000085200000, 0x000000008a500000, 0x00000000d7100000)
  object space 84992K, 5% used [0x0000000085200000,0x000000008562f6d8,0x000000008a500000)
 Metaspace       used 20847K, capacity 21096K, committed 21296K, reserved 1069056K
  class space    used 2339K, capacity 2430K, committed 2432K, reserved 1048576K
Event: 2.805 GC heap after
Heap after GC invocations=3 (full 1):
 PSYoungGen      total 36864K, used 0K [0x00000000d7100000, 0x00000000db900000, 0x0000000100000000)
  eden space 31744K, 0% used [0x00000000d7100000,0x00000000d7100000,0x00000000d9000000)
  from space 5120K, 0% used [0x00000000d9500000,0x00000000d9500000,0x00000000d9a00000)
  to   space 5120K, 0% used [0x00000000d9000000,0x00000000d9000000,0x00000000d9500000)
 ParOldGen       total 55808K, used 7109K [0x0000000085200000, 0x0000000088880000, 0x00000000d7100000)
  object space 55808K, 12% used [0x0000000085200000,0x00000000858f1520,0x0000000088880000)
 Metaspace       used 20847K, capacity 21096K, committed 21296K, reserved 1069056K
  class space    used 2339K, capacity 2430K, committed 2432K, reserved 1048576K
}
Event: 39.376 GC heap before
{Heap before GC invocations=4 (full 1):
 PSYoungGen      total 36864K, used 31744K [0x00000000d7100000, 0x00000000db900000, 0x0000000100000000)
  eden space 31744K, 100% used [0x00000000d7100000,0x00000000d9000000,0x00000000d9000000)
  from space 5120K, 0% used [0x00000000d9500000,0x00000000d9500000,0x00000000d9a00000)
  to   space 5120K, 0% used [0x00000000d9000000,0x00000000d9000000,0x00000000d9500000)
 ParOldGen       total 55808K, used 7109K [0x0000000085200000, 0x0000000088880000, 0x00000000d7100000)
  object space 55808K, 12% used [0x0000000085200000,0x00000000858f1520,0x0000000088880000)
 Metaspace       used 23880K, capacity 24134K, committed 24576K, reserved 1071104K
  class space    used 2623K, capacity 2691K, committed 2816K, reserved 1048576K
Event: 39.379 GC heap after
Heap after GC invocations=4 (full 1):
 PSYoungGen      total 36864K, used 3056K [0x00000000d7100000, 0x00000000da880000, 0x0000000100000000)
  eden space 31744K, 0% used [0x00000000d7100000,0x00000000d7100000,0x00000000d9000000)
  from space 5120K, 59% used [0x00000000d9000000,0x00000000d92fc360,0x00000000d9500000)
  to   space 5120K, 0% used [0x00000000da380000,0x00000000da380000,0x00000000da880000)
 ParOldGen       total 55808K, used 7117K [0x0000000085200000, 0x0000000088880000, 0x00000000d7100000)
  object space 55808K, 12% used [0x0000000085200000,0x00000000858f3520,0x0000000088880000)
 Metaspace       used 23880K, capacity 24134K, committed 24576K, reserved 1071104K
  class space    used 2623K, capacity 2691K, committed 2816K, reserved 1048576K
}

